<?xml version="1.0" encoding="UTF-8"?>
<testsuite xmlns:xsi="http://www.w3.org/2001/XMLSchema-instance" xsi:schemaLocation="https://maven.apache.org/surefire/maven-surefire-plugin/xsd/surefire-test-report.xsd" name="in.javahome.myweb.controller.CalculatorTest" time="0.128" tests="3" errors="0" skipped="0" failures="0">
  <properties>
[...]
</properties>
  <testcase name="testAdd" classname="in.javahome.myweb.controller.CalculatorTest" time="0.078"/>
  <testcase name="testAddNew" classname="in.javahome.myweb.controller.CalculatorTest" time="0"/>
  <testcase name="testMultiply" classname="in.javahome.myweb.controller.CalculatorTest" time="0"/>
</testsuite>